This file contains any messages produced by compilers while
running configure, to aid debugging if configure makes a mistake.

It was created by libxslt configure 1.1.32, which was
generated by GNU Autoconf 2.69.  Invocation command line was

  $ ../../configure --build=x86_64-linux-gnu --prefix=/usr --includedir=${prefix}/include --mandir=${prefix}/share/man --infodir=${prefix}/share/info --sysconfdir=/etc --localstatedir=/var --disable-silent-rules --libdir=${prefix}/lib/x86_64-linux-gnu --libexecdir=${prefix}/lib/x86_64-linux-gnu --runstatedir=/run --disable-maintainer-mode --disable-dependency-tracking --with-history --cache-file=/home/richard/debs/misc/libxslt/libxslt/builddir/config.cache --with-python=/usr/bin/python2.7

## --------- ##
## Platform. ##
## --------- ##

hostname = server
uname -m = x86_64
uname -r = 4.18.0-2-amd64
uname -s = Linux
uname -v = #1 SMP Debian 4.18.10-2 (2018-11-02)

/usr/bin/uname -p = unknown
/bin/uname -X     = unknown

/bin/arch              = unknown
/usr/bin/arch -k       = unknown
/usr/convex/getsysinfo = unknown
/usr/bin/hostinfo      = unknown
/bin/machine           = unknown
/usr/bin/oslevel       = unknown
/bin/universe          = unknown

PATH: /opt/intel/compilers_and_libraries/linux/pkg_bin/intel64
PATH: /opt/intel/parallel_studio_xe_2019/bin
PATH: /usr/sbin
PATH: /usr/bin
PATH: /sbin
PATH: /bin
PATH: /usr/bin/X11


## ----------- ##
## Core tests. ##
## ----------- ##

configure:2254: loading cache /home/richard/debs/misc/libxslt/libxslt/builddir/config.cache
configure:2371: checking build system type
configure:2385: result: x86_64-pc-linux-gnu
configure:2405: checking host system type
configure:2418: result: x86_64-pc-linux-gnu
configure:2489: checking for gcc
configure:2516: result: icc
configure:2745: checking for C compiler version
configure:2754: icc --version >&5
icc (ICC) 19.0.1.144 20181018
Copyright (C) 1985-2018 Intel Corporation.  All rights reserved.

configure:2765: $? = 0
configure:2754: icc -v >&5
icc version 19.0.1.144 (gcc version 8.2.0 compatibility)
icc: warning #10013: no objects specified for multi-file optimization
icc: warning #10237: -lcilkrts linked in dynamically, static library not available
ld.gold    /usr/lib/gcc/x86_64-linux-gnu/8/../../../x86_64-linux-gnu/Scrt1.o /usr/lib/gcc/x86_64-linux-gnu/8/../../../x86_64-linux-gnu/crti.o /usr/lib/gcc/x86_64-linux-gnu/8/crtbeginS.o --eh-frame-hdr --build-id -dynamic-linker /lib64/ld-linux-x86-64.so.2 -m elf_x86_64 -o a.out -L/opt/intel/tbb/lib/intel64/gcc4.7 -L/opt/intel/compilers_and_libraries_2019.1.144/linux/compiler/lib/intel64_lin -L/usr/lib/gcc/x86_64-linux-gnu/8/ -L/usr/lib/gcc/x86_64-linux-gnu/8/../../../x86_64-linux-gnu/ -L/usr/lib/gcc/x86_64-linux-gnu/8/../../../../lib/ -L/lib/x86_64-linux-gnu/ -L/lib/../lib64 -L/lib/../lib/ -L/usr/lib/x86_64-linux-gnu/ -L/usr/lib/../lib/ -L/opt/intel/tbb/lib/intel64/gcc4.7/ -L/usr/lib/gcc/x86_64-linux-gnu/8/../../../ -L/lib64 -L/lib/ -L/usr/lib --as-needed --gc-sections --relax --stats -Bdynamic -Bstatic -limf -lsvml -lirng -lmatmul -Bdynamic -lm -Bstatic -lipgo -ldecimal -Bdynamic -liomp5 --as-needed -lcilkrts -lstdc++ --no-as-needed -lgcc -lgcc_s -Bstatic -lirc -Bdynamic -lpthread -Bstatic -lsvml -Bdynamic -lc -lgcc -lgcc_s -Bstatic -lirc_s -Bdynamic -ldl -lc /usr/lib/gcc/x86_64-linux-gnu/8/crtendS.o /usr/lib/gcc/x86_64-linux-gnu/8/../../../x86_64-linux-gnu/crtn.o
/usr/lib/gcc/x86_64-linux-gnu/8/../../../x86_64-linux-gnu/Scrt1.o:function _start: error: undefined reference to 'main'
ld.gold: initial tasks run time: (user: 0.050000 sys: 0.010000 wall: 0.070000)
ld.gold: middle tasks run time: (user: 0.000000 sys: 0.000000 wall: 0.000000)
ld.gold: final tasks run time: (user: 0.000000 sys: 0.000000 wall: 0.000000)
ld.gold: total run time: (user: 0.050000 sys: 0.010000 wall: 0.070000)
ld.gold: total space allocated by malloc: 6033408 bytes
... rest of stderr output deleted ...
configure:2765: $? = 1
configure:2754: icc -V >&5
GNU gold (GNU Binutils for Debian 2.31.1) 1.16
Intel(R) C Intel(R) 64 Compiler for applications running on Intel(R) 64, Version 19.0.1.144 Build 20181018
Copyright (C) 1985-2018 Intel Corporation.  All rights reserved.

icc: warning #10013: no objects specified for multi-file optimization
icc: warning #10237: -lcilkrts linked in dynamically, static library not available
/usr/lib/gcc/x86_64-linux-gnu/8/../../../x86_64-linux-gnu/Scrt1.o:function _start: error: undefined reference to 'main'
ld.gold: initial tasks run time: (user: 0.050000 sys: 0.010000 wall: 0.070000)
ld.gold: middle tasks run time: (user: 0.000000 sys: 0.000000 wall: 0.010000)
ld.gold: final tasks run time: (user: 0.000000 sys: 0.000000 wall: 0.000000)
ld.gold: total run time: (user: 0.050000 sys: 0.010000 wall: 0.080000)
... rest of stderr output deleted ...
configure:2765: $? = 1
configure:2754: icc -qversion >&5
icc: warning #10013: no objects specified for multi-file optimization
icc: warning #10237: -lcilkrts linked in dynamically, static library not available
/usr/lib/gcc/x86_64-linux-gnu/8/../../../x86_64-linux-gnu/Scrt1.o:function _start: error: undefined reference to 'main'
ld.gold: initial tasks run time: (user: 0.040000 sys: 0.020000 wall: 0.070000)
ld.gold: middle tasks run time: (user: 0.010000 sys: 0.000000 wall: 0.000000)
ld.gold: final tasks run time: (user: 0.000000 sys: 0.000000 wall: 0.000000)
ld.gold: total run time: (user: 0.050000 sys: 0.020000 wall: 0.070000)
ld.gold: total space allocated by malloc: 6033408 bytes
ld.gold: total bytes mapped for read: 153912279
ld.gold: maximum bytes mapped for read at one time: 153912279
... rest of stderr output deleted ...
configure:2765: $? = 1
configure:2785: checking whether the C compiler works
configure:2807: icc -g -O2 -fdebug-prefix-map=/home/richard/debs/misc/libxslt/libxslt=. -fstack-protector-strong -Wformat -Werror=format-security -march=native -pipe -Wdate-time -D_FORTIFY_SOURCE=2 -Wl,-z,relro -Wl,-z,now -Wl,--as-needed,--gc-sections,--stats -Wl,--as-needed conftest.c  >&5
icc: warning #10237: -lcilkrts linked in dynamically, static library not available
ld.gold: initial tasks run time: (user: 0.060000 sys: 0.000000 wall: 0.070000)
ld.gold: middle tasks run time: (user: 0.000000 sys: 0.000000 wall: 0.000000)
ld.gold: final tasks run time: (user: 0.000000 sys: 0.000000 wall: 0.000000)
ld.gold: total run time: (user: 0.060000 sys: 0.000000 wall: 0.070000)
ld.gold: total space allocated by malloc: 6103040 bytes
ld.gold: total bytes mapped for read: 153917215
ld.gold: maximum bytes mapped for read at one time: 153917215
ld.gold: archive libraries: 18
ld.gold: total archive members: 34124
ld.gold: loaded archive members: 6
ld.gold: lib groups: 0
ld.gold: total lib groups members: 0
ld.gold: loaded lib groups members: 0
ld.gold: output file size: 23592 bytes
ld.gold: symbol table entries: 20823; buckets: 28411
ld.gold: symbol table stringpool entries: 10366; buckets: 28411
ld.gold: symbol table stringpool Stringdata structures: 355
ld.gold: section name pool entries: 37; buckets: 79
ld.gold: section name pool Stringdata structures: 1
ld.gold: output symbol name pool entries: 76; buckets: 97
ld.gold: output symbol name pool Stringdata structures: 1
ld.gold: dynamic name pool entries: 30; buckets: 97
ld.gold: dynamic name pool Stringdata structures: 1
ld.gold: .comment merged strings input bytes: 58
ld.gold: .comment merged strings input strings: 2
ld.gold: .comment merged strings entries: 2; buckets: 3
ld.gold: .comment merged strings Stringdata structures: 1
ld.gold: .debug_str merged strings input bytes: 783
ld.gold: .debug_str merged strings input strings: 5
ld.gold: .debug_str merged strings entries: 5; buckets: 7
ld.gold: .debug_str merged strings Stringdata structures: 1
ld.gold: .rodata merged strings input bytes: 1948
ld.gold: .rodata merged strings input strings: 105
ld.gold: .rodata merged strings entries: 106; buckets: 167
ld.gold: .rodata merged strings Stringdata structures: 2
ld.gold: .rodata merged strings input bytes: 1760
ld.gold: .rodata merged strings input strings: 15
ld.gold: .rodata merged strings entries: 16; buckets: 17
ld.gold: .rodata merged strings Stringdata structures: 2
ld.gold: total free lists: 0
ld.gold: total free list nodes: 0
ld.gold: calls to Free_list::remove: 0
ld.gold: nodes visited: 0
ld.gold: calls to Free_list::allocate: 0
ld.gold: nodes visited: 0
configure:2811: $? = 0
configure:2859: result: yes
configure:2862: checking for C compiler default output file name
configure:2864: result: a.out
configure:2870: checking for suffix of executables
configure:2877: icc -o conftest -g -O2 -fdebug-prefix-map=/home/richard/debs/misc/libxslt/libxslt=. -fstack-protector-strong -Wformat -Werror=format-security -march=native -pipe -Wdate-time -D_FORTIFY_SOURCE=2 -Wl,-z,relro -Wl,-z,now -Wl,--as-needed,--gc-sections,--stats -Wl,--as-needed conftest.c  >&5
icc: warning #10237: -lcilkrts linked in dynamically, static library not available
ld.gold: initial tasks run time: (user: 0.040000 sys: 0.020000 wall: 0.060000)
ld.gold: middle tasks run time: (user: 0.000000 sys: 0.000000 wall: 0.010000)
ld.gold: final tasks run time: (user: 0.000000 sys: 0.000000 wall: 0.000000)
ld.gold: total run time: (user: 0.040000 sys: 0.020000 wall: 0.070000)
ld.gold: total space allocated by malloc: 6103040 bytes
ld.gold: total bytes mapped for read: 153917231
ld.gold: maximum bytes mapped for read at one time: 153917231
ld.gold: archive libraries: 18
ld.gold: total archive members: 34124
ld.gold: loaded archive members: 6
ld.gold: lib groups: 0
ld.gold: total lib groups members: 0
ld.gold: loaded lib groups members: 0
ld.gold: output file size: 23608 bytes
ld.gold: symbol table entries: 20823; buckets: 28411
ld.gold: symbol table stringpool entries: 10366; buckets: 28411
ld.gold: symbol table stringpool Stringdata structures: 355
ld.gold: section name pool entries: 37; buckets: 79
ld.gold: section name pool Stringdata structures: 1
ld.gold: output symbol name pool entries: 76; buckets: 97
ld.gold: output symbol name pool Stringdata structures: 1
ld.gold: dynamic name pool entries: 30; buckets: 97
ld.gold: dynamic name pool Stringdata structures: 1
ld.gold: .comment merged strings input bytes: 58
ld.gold: .comment merged strings input strings: 2
ld.gold: .comment merged strings entries: 2; buckets: 3
ld.gold: .comment merged strings Stringdata structures: 1
ld.gold: .debug_str merged strings input bytes: 795
ld.gold: .debug_str merged strings input strings: 5
ld.gold: .debug_str merged strings entries: 5; buckets: 7
ld.gold: .debug_str merged strings Stringdata structures: 1
ld.gold: .rodata merged strings input bytes: 1948
ld.gold: .rodata merged strings input strings: 105
ld.gold: .rodata merged strings entries: 106; buckets: 167
ld.gold: .rodata merged strings Stringdata structures: 2
ld.gold: .rodata merged strings input bytes: 1760
ld.gold: .rodata merged strings input strings: 15
ld.gold: .rodata merged strings entries: 16; buckets: 17
ld.gold: .rodata merged strings Stringdata structures: 2
ld.gold: total free lists: 0
ld.gold: total free list nodes: 0
ld.gold: calls to Free_list::remove: 0
ld.gold: nodes visited: 0
ld.gold: calls to Free_list::allocate: 0
ld.gold: nodes visited: 0
configure:2881: $? = 0
configure:2903: result: 
configure:2925: checking whether we are cross compiling
configure:2933: icc -o conftest -g -O2 -fdebug-prefix-map=/home/richard/debs/misc/libxslt/libxslt=. -fstack-protector-strong -Wformat -Werror=format-security -march=native -pipe -Wdate-time -D_FORTIFY_SOURCE=2 -Wl,-z,relro -Wl,-z,now -Wl,--as-needed,--gc-sections,--stats -Wl,--as-needed conftest.c  >&5
icc: warning #10237: -lcilkrts linked in dynamically, static library not available
ld.gold: initial tasks run time: (user: 0.040000 sys: 0.020000 wall: 0.070000)
ld.gold: middle tasks run time: (user: 0.000000 sys: 0.000000 wall: 0.010000)
ld.gold: final tasks run time: (user: 0.000000 sys: 0.000000 wall: 0.000000)
ld.gold: total run time: (user: 0.040000 sys: 0.020000 wall: 0.080000)
ld.gold: total space allocated by malloc: 6103040 bytes
ld.gold: total bytes mapped for read: 153920079
ld.gold: maximum bytes mapped for read at one time: 153920079
ld.gold: archive libraries: 18
ld.gold: total archive members: 34124
ld.gold: loaded archive members: 6
ld.gold: lib groups: 0
ld.gold: total lib groups members: 0
ld.gold: loaded lib groups members: 0
ld.gold: output file size: 25072 bytes
ld.gold: symbol table entries: 20823; buckets: 28411
ld.gold: symbol table stringpool entries: 10366; buckets: 28411
ld.gold: symbol table stringpool Stringdata structures: 355
ld.gold: section name pool entries: 37; buckets: 79
ld.gold: section name pool Stringdata structures: 1
ld.gold: output symbol name pool entries: 79; buckets: 97
ld.gold: output symbol name pool Stringdata structures: 1
ld.gold: dynamic name pool entries: 33; buckets: 97
ld.gold: dynamic name pool Stringdata structures: 1
ld.gold: .comment merged strings input bytes: 58
ld.gold: .comment merged strings input strings: 2
ld.gold: .comment merged strings entries: 2; buckets: 3
ld.gold: .comment merged strings Stringdata structures: 1
ld.gold: .rodata merged strings input bytes: 1968
ld.gold: .rodata merged strings input strings: 107
ld.gold: .rodata merged strings entries: 108; buckets: 167
ld.gold: .rodata merged strings Stringdata structures: 2
ld.gold: .rodata merged strings input bytes: 1760
ld.gold: .rodata merged strings input strings: 15
ld.gold: .rodata merged strings entries: 16; buckets: 17
ld.gold: .rodata merged strings Stringdata structures: 2
ld.gold: .debug_str merged strings input bytes: 1212
ld.gold: .debug_str merged strings input strings: 48
ld.gold: .debug_str merged strings entries: 48; buckets: 79
ld.gold: .debug_str merged strings Stringdata structures: 2
ld.gold: total free lists: 0
ld.gold: total free list nodes: 0
ld.gold: calls to Free_list::remove: 0
ld.gold: nodes visited: 0
ld.gold: calls to Free_list::allocate: 0
ld.gold: nodes visited: 0
configure:2937: $? = 0
configure:2944: ./conftest
configure:2948: $? = 0
configure:2963: result: no
configure:2968: checking for suffix of object files
configure:3015: result: o
configure:3019: checking whether we are using the GNU C compiler
configure:3047: result: yes
configure:3056: checking whether icc accepts -g
configure:3117: result: yes
configure:3134: checking for icc option to accept ISO C89
configure:3210: result: none needed
configure:3235: checking whether icc understands -c and -o together
configure:3272: result: yes
configure:3295: checking how to run the C preprocessor
configure:3365: result: icc -E
configure:3385: icc -E -Wdate-time -D_FORTIFY_SOURCE=2 conftest.c
configure:3385: $? = 0
configure:3399: icc -E -Wdate-time -D_FORTIFY_SOURCE=2 conftest.c
conftest.c(9): error #2379: cannot open source file "ac_nonexistent.h"
  #include <ac_nonexistent.h>
                             ^

configure:3399: $? = 2
configure: failed program was:
| /* confdefs.h */
| #define PACKAGE_NAME "libxslt"
| #define PACKAGE_TARNAME "libxslt"
| #define PACKAGE_VERSION "1.1.32"
| #define PACKAGE_STRING "libxslt 1.1.32"
| #define PACKAGE_BUGREPORT ""
| #define PACKAGE_URL ""
| /* end confdefs.h.  */
| #include <ac_nonexistent.h>
configure:3428: checking for grep that handles long lines and -e
configure:3486: result: /bin/grep
configure:3491: checking for egrep
configure:3553: result: /bin/grep -E
configure:3558: checking for ANSI C header files
configure:3662: result: yes
configure:3675: checking for sys/types.h
configure:3675: result: yes
configure:3675: checking for sys/stat.h
configure:3675: result: yes
configure:3675: checking for stdlib.h
configure:3675: result: yes
configure:3675: checking for string.h
configure:3675: result: yes
configure:3675: checking for memory.h
configure:3675: result: yes
configure:3675: checking for strings.h
configure:3675: result: yes
configure:3675: checking for inttypes.h
configure:3675: result: yes
configure:3675: checking for stdint.h
configure:3675: result: yes
configure:3675: checking for unistd.h
configure:3675: result: yes
configure:3688: checking for minix/config.h
configure:3688: result: no
configure:3709: checking whether it is safe to define __EXTENSIONS__
configure:3734: result: yes
configure:3832: checking for a BSD-compatible install
configure:3900: result: /usr/bin/install -c
configure:3911: checking whether build environment is sane
configure:3966: result: yes
configure:4114: checking for a thread-safe mkdir -p
configure:4153: result: /bin/mkdir -p
configure:4160: checking for gawk
configure:4187: result: mawk
configure:4198: checking whether make sets $(MAKE)
configure:4220: result: yes
configure:4242: checking whether make supports the include directive
configure:4257: make -f confmf.GNU && cat confinc.out
make[2]: Entering directory '/home/richard/debs/misc/libxslt/libxslt/builddir/python2.7'
make[2]: Leaving directory '/home/richard/debs/misc/libxslt/libxslt/builddir/python2.7'
this is the am__doit target
configure:4260: $? = 0
configure:4279: result: yes (GNU style)
configure:4312: checking whether make supports nested variables
configure:4329: result: yes
configure:4414: checking dependency style of icc
configure:4525: result: none
configure:4585: checking whether to enable maintainer-specific portions of Makefiles
configure:4594: result: no
configure:4622: checking whether make supports nested variables
configure:4639: result: yes
configure:4721: checking for gcc
configure:4748: result: icc
configure:4977: checking for C compiler version
configure:4986: icc --version >&5
icc (ICC) 19.0.1.144 20181018
Copyright (C) 1985-2018 Intel Corporation.  All rights reserved.

configure:4997: $? = 0
configure:4986: icc -v >&5
icc version 19.0.1.144 (gcc version 8.2.0 compatibility)
icc: warning #10013: no objects specified for multi-file optimization
icc: warning #10237: -lcilkrts linked in dynamically, static library not available
ld.gold    /usr/lib/gcc/x86_64-linux-gnu/8/../../../x86_64-linux-gnu/Scrt1.o /usr/lib/gcc/x86_64-linux-gnu/8/../../../x86_64-linux-gnu/crti.o /usr/lib/gcc/x86_64-linux-gnu/8/crtbeginS.o --eh-frame-hdr --build-id -dynamic-linker /lib64/ld-linux-x86-64.so.2 -m elf_x86_64 -o a.out -L/opt/intel/tbb/lib/intel64/gcc4.7 -L/opt/intel/compilers_and_libraries_2019.1.144/linux/compiler/lib/intel64_lin -L/usr/lib/gcc/x86_64-linux-gnu/8/ -L/usr/lib/gcc/x86_64-linux-gnu/8/../../../x86_64-linux-gnu/ -L/usr/lib/gcc/x86_64-linux-gnu/8/../../../../lib/ -L/lib/x86_64-linux-gnu/ -L/lib/../lib64 -L/lib/../lib/ -L/usr/lib/x86_64-linux-gnu/ -L/usr/lib/../lib/ -L/opt/intel/tbb/lib/intel64/gcc4.7/ -L/usr/lib/gcc/x86_64-linux-gnu/8/../../../ -L/lib64 -L/lib/ -L/usr/lib --as-needed --gc-sections --relax --stats -Bdynamic -Bstatic -limf -lsvml -lirng -lmatmul -Bdynamic -lm -Bstatic -lipgo -ldecimal -Bdynamic -liomp5 --as-needed -lcilkrts -lstdc++ --no-as-needed -lgcc -lgcc_s -Bstatic -lirc -Bdynamic -lpthread -Bstatic -lsvml -Bdynamic -lc -lgcc -lgcc_s -Bstatic -lirc_s -Bdynamic -ldl -lc /usr/lib/gcc/x86_64-linux-gnu/8/crtendS.o /usr/lib/gcc/x86_64-linux-gnu/8/../../../x86_64-linux-gnu/crtn.o
/usr/lib/gcc/x86_64-linux-gnu/8/../../../x86_64-linux-gnu/Scrt1.o:function _start: error: undefined reference to 'main'
ld.gold: initial tasks run time: (user: 0.040000 sys: 0.020000 wall: 0.060000)
ld.gold: middle tasks run time: (user: 0.000000 sys: 0.000000 wall: 0.010000)
ld.gold: final tasks run time: (user: 0.000000 sys: 0.000000 wall: 0.000000)
ld.gold: total run time: (user: 0.040000 sys: 0.020000 wall: 0.070000)
ld.gold: total space allocated by malloc: 6033408 bytes
... rest of stderr output deleted ...
configure:4997: $? = 1
configure:4986: icc -V >&5
GNU gold (GNU Binutils for Debian 2.31.1) 1.16
Intel(R) C Intel(R) 64 Compiler for applications running on Intel(R) 64, Version 19.0.1.144 Build 20181018
Copyright (C) 1985-2018 Intel Corporation.  All rights reserved.

icc: warning #10013: no objects specified for multi-file optimization
icc: warning #10237: -lcilkrts linked in dynamically, static library not available
/usr/lib/gcc/x86_64-linux-gnu/8/../../../x86_64-linux-gnu/Scrt1.o:function _start: error: undefined reference to 'main'
ld.gold: initial tasks run time: (user: 0.050000 sys: 0.010000 wall: 0.070000)
ld.gold: middle tasks run time: (user: 0.000000 sys: 0.000000 wall: 0.000000)
ld.gold: final tasks run time: (user: 0.000000 sys: 0.000000 wall: 0.000000)
ld.gold: total run time: (user: 0.050000 sys: 0.010000 wall: 0.070000)
... rest of stderr output deleted ...
configure:4997: $? = 1
configure:4986: icc -qversion >&5
icc: warning #10013: no objects specified for multi-file optimization
icc: warning #10237: -lcilkrts linked in dynamically, static library not available
/usr/lib/gcc/x86_64-linux-gnu/8/../../../x86_64-linux-gnu/Scrt1.o:function _start: error: undefined reference to 'main'
ld.gold: initial tasks run time: (user: 0.050000 sys: 0.010000 wall: 0.070000)
ld.gold: middle tasks run time: (user: 0.000000 sys: 0.000000 wall: 0.010000)
ld.gold: final tasks run time: (user: 0.000000 sys: 0.000000 wall: 0.000000)
ld.gold: total run time: (user: 0.050000 sys: 0.010000 wall: 0.080000)
ld.gold: total space allocated by malloc: 6033408 bytes
ld.gold: total bytes mapped for read: 153912279
ld.gold: maximum bytes mapped for read at one time: 153912279
... rest of stderr output deleted ...
configure:4997: $? = 1
configure:5001: checking whether we are using the GNU C compiler
configure:5029: result: yes
configure:5038: checking whether icc accepts -g
configure:5099: result: yes
configure:5116: checking for icc option to accept ISO C89
configure:5192: result: none needed
configure:5217: checking whether icc understands -c and -o together
configure:5254: result: yes
configure:5277: checking how to run the C preprocessor
configure:5347: result: icc -E
configure:5367: icc -E -Wdate-time -D_FORTIFY_SOURCE=2 conftest.c
configure:5367: $? = 0
configure:5381: icc -E -Wdate-time -D_FORTIFY_SOURCE=2 conftest.c
conftest.c(26): error #2379: cannot open source file "ac_nonexistent.h"
  #include <ac_nonexistent.h>
                             ^

configure:5381: $? = 2
configure: failed program was:
| /* confdefs.h */
| #define PACKAGE_NAME "libxslt"
| #define PACKAGE_TARNAME "libxslt"
| #define PACKAGE_VERSION "1.1.32"
| #define PACKAGE_STRING "libxslt 1.1.32"
| #define PACKAGE_BUGREPORT ""
| #define PACKAGE_URL ""
| #define STDC_HEADERS 1
| #define HAVE_SYS_TYPES_H 1
| #define HAVE_SYS_STAT_H 1
| #define HAVE_STDLIB_H 1
| #define HAVE_STRING_H 1
| #define HAVE_MEMORY_H 1
| #define HAVE_STRINGS_H 1
| #define HAVE_INTTYPES_H 1
| #define HAVE_STDINT_H 1
| #define HAVE_UNISTD_H 1
| #define __EXTENSIONS__ 1
| #define _ALL_SOURCE 1
| #define _GNU_SOURCE 1
| #define _POSIX_PTHREAD_SEMANTICS 1
| #define _TANDEM_SOURCE 1
| #define PACKAGE "libxslt"
| #define VERSION "1.1.32"
| /* end confdefs.h.  */
| #include <ac_nonexistent.h>
configure:5411: checking for xmllint
configure:5442: result: /usr/bin/xmllint
configure:5452: checking for xsltproc
configure:5483: result: /usr/bin/xsltproc
configure:5545: checking for pkg-config
configure:5575: result: /usr/bin/pkg-config
configure:5600: checking pkg-config is at least version 0.9.0
configure:5603: result: yes
configure:5612: checking for ANSI C header files
configure:5716: result: yes
configure:5771: checking how to print strings
configure:5798: result: printf
configure:5819: checking for a sed that does not truncate output
configure:5883: result: /bin/sed
configure:5901: checking for fgrep
configure:5963: result: /bin/grep -F
configure:5998: checking for ld used by icc
configure:6065: result: xild
configure:6072: checking if the linker (xild) is GNU ld
configure:6087: result: yes
configure:6099: checking for BSD- or MS-compatible name lister (nm)
configure:6153: result: /usr/bin/nm -B
configure:6283: checking the name lister (/usr/bin/nm -B) interface
configure:6303: result: BSD nm
configure:6306: checking whether ln -s works
configure:6310: result: yes
configure:6318: checking the maximum length of command line arguments
configure:6449: result: 1572864
configure:6497: checking how to convert x86_64-pc-linux-gnu file names to x86_64-pc-linux-gnu format
configure:6537: result: func_convert_file_noop
configure:6544: checking how to convert x86_64-pc-linux-gnu file names to toolchain format
configure:6564: result: func_convert_file_noop
configure:6571: checking for xild option to reload object files
configure:6578: result: -r
configure:6652: checking for objdump
configure:6679: result: objdump
configure:6708: checking how to recognize dependent libraries
configure:6908: result: pass_all
configure:6993: checking for dlltool
configure:7023: result: no
configure:7050: checking how to associate runtime and link libraries
configure:7077: result: printf %s\n
configure:7201: checking for archiver @FILE support
configure:7244: result: @
configure:7302: checking for strip
configure:7329: result: strip
configure:7401: checking for ranlib
configure:7428: result: ranlib
configure:7530: checking command to parse /usr/bin/nm -B output from icc object
configure:7797: result: ok
configure:7844: checking for sysroot
configure:7874: result: no
configure:7881: checking for a working dd
configure:7919: result: /bin/dd
configure:7923: checking how to truncate binary pipes
configure:7938: result: /bin/dd bs=4096 count=1
configure:8074: icc -c -g -O2 -fdebug-prefix-map=/home/richard/debs/misc/libxslt/libxslt=. -fstack-protector-strong -Wformat -Werror=format-security -march=native -pipe -Wdate-time -D_FORTIFY_SOURCE=2 conftest.c >&5
configure:8077: $? = 0
configure:8267: checking for mt
configure:8294: result: mt
configure:8317: checking if mt is a manifest tool
configure:8331: result: no
configure:9005: checking for dlfcn.h
configure:9005: result: yes
configure:9559: checking for objdir
configure:9574: result: .libs
configure:9834: checking if icc supports -fno-rtti -fno-exceptions
configure:9869: result: yes
configure:10227: checking for icc option to produce PIC
configure:10234: result: -fPIC -DPIC
configure:10242: checking if icc PIC flag -fPIC -DPIC works
configure:10277: result: yes
configure:10306: checking if icc static flag -static works
configure:10334: result: no
configure:10349: checking if icc supports -c -o file.o
configure:10396: result: yes
configure:10404: checking if icc supports -c -o file.o
configure:10451: result: yes
configure:10484: checking whether the icc linker (xild -m elf_x86_64) supports shared libraries
configure:11747: result: yes
configure:11784: checking whether -lc should be explicitly linked in
configure:11827: result: no
configure:11987: checking dynamic linker characteristics
configure:12817: result: GNU/Linux ld.so
configure:12939: checking how to hardcode library paths into programs
configure:12964: result: immediate
configure:13512: checking whether stripping libraries is possible
configure:13517: result: yes
configure:13552: checking if libtool supports shared libraries
configure:13554: result: yes
configure:13557: checking whether to build shared libraries
configure:13582: result: yes
configure:13585: checking whether to build static libraries
configure:13589: result: yes
configure:13631: checking for sys/types.h
configure:13631: result: yes
configure:13631: checking for sys/time.h
configure:13631: result: yes
configure:13631: checking for stdlib.h
configure:13631: result: yes
configure:13631: checking for unistd.h
configure:13631: result: yes
configure:13631: checking for string.h
configure:13631: result: yes
configure:13642: checking how to pass version script to the linker (xild -m elf_x86_64)
configure:13650: result: -Wl,--version-script=
configure:13666: checking for pthread.h
configure:13666: result: yes
configure:13668: checking for pthread_join in -lpthread
configure:13702: result: yes
configure:13727: checking for locale.h
configure:13727: result: yes
configure:13727: checking for xlocale.h
configure:13727: result: no
configure:13739: checking for strxfrm_l
configure:13739: result: yes
configure:13753: checking for ieeefp.h
configure:13753: result: no
configure:13753: checking for nan.h
configure:13753: result: no
configure:13753: checking for math.h
configure:13753: result: yes
configure:13753: checking for fp_class.h
configure:13753: result: no
configure:13753: checking for float.h
configure:13753: result: yes
configure:13753: checking for ansidecl.h
configure:13753: result: no
configure:13766: checking for sys/timeb.h
configure:13766: result: yes
configure:13766: checking for time.h
configure:13766: result: yes
configure:13766: checking for sys/stat.h
configure:13766: result: yes
configure:13766: checking for sys/select.h
configure:13766: result: yes
configure:13766: checking for stdarg.h
configure:13766: result: yes
configure:13778: checking for errno.h
configure:13778: result: yes
configure:13791: checking for stat
configure:13791: result: yes
configure:13791: checking for _stat
configure:13791: result: no
configure:13800: checking for pow
configure:13800: result: yes
configure:13849: checking for floor
configure:13849: result: yes
configure:13898: checking for fabs
configure:13898: result: yes
configure:13950: checking for gettimeofday
configure:13950: result: yes
configure:13962: checking for localtime
configure:13962: result: yes
configure:13962: checking for localtime_r
configure:13962: result: yes
configure:13962: checking for time
configure:13962: result: yes
configure:13962: checking for gmtime
configure:13962: result: yes
configure:13962: checking for gmtime_r
configure:13962: result: yes
configure:13962: checking for ftime
configure:13962: result: yes
configure:13975: checking for printf
configure:13975: result: yes
configure:13975: checking for sprintf
configure:13975: result: yes
configure:13975: checking for fprintf
configure:13975: result: yes
configure:13975: checking for snprintf
configure:13975: result: yes
configure:13975: checking for vfprintf
configure:13975: result: yes
configure:13975: checking for vsprintf
configure:13975: result: yes
configure:13975: checking for vsnprintf
configure:13975: result: yes
configure:13975: checking for sscanf
configure:13975: result: yes
configure:13989: checking for clock_gettime
configure:13989: result: yes
configure:14060: checking for perl
configure:14088: result: perl
configure:14307: checking for libgcrypt-config
configure:14337: result: /usr/bin/libgcrypt-config
configure:14638: checking for xml2-config
configure:14668: result: /usr/bin/xml2-config
configure:14735: checking for LIBXML
configure:14742: $PKG_CONFIG --exists --print-errors "libxml-2.0 >= $LIBXML_REQUIRED_VERSION"
configure:14745: $? = 0
configure:14759: $PKG_CONFIG --exists --print-errors "libxml-2.0 >= $LIBXML_REQUIRED_VERSION"
configure:14762: $? = 0
configure:14800: result: yes
configure:14847: checking whether shared libraries will be built (required for plugins)
configure:14858: result: yes
configure:14863: checking libxml2 module support
configure:14866: result: yes
configure:15069: checking that generated files are newer than configure
configure:15075: result: done
configure:15122: creating ./config.status

## ---------------------- ##
## Running config.status. ##
## ---------------------- ##

This file was extended by libxslt config.status 1.1.32, which was
generated by GNU Autoconf 2.69.  Invocation command line was

  CONFIG_FILES    = 
  CONFIG_HEADERS  = 
  CONFIG_LINKS    = 
  CONFIG_COMMANDS = 
  $ ./config.status 

on server

config.status:1243: creating Makefile
config.status:1243: creating libxslt.pc
config.status:1243: creating libexslt.pc
config.status:1243: creating libxslt/Makefile
config.status:1243: creating libxslt/xsltconfig.h
config.status:1243: creating libxslt/xsltwin32config.h
config.status:1243: creating libexslt/Makefile
config.status:1243: creating libexslt/exsltconfig.h
config.status:1243: creating xsltproc/Makefile
config.status:1243: creating python/Makefile
config.status:1243: creating python/tests/Makefile
config.status:1243: creating tests/Makefile
config.status:1243: creating tests/docs/Makefile
config.status:1243: creating tests/REC1/Makefile
config.status:1243: creating tests/REC2/Makefile
config.status:1243: creating tests/REC/Makefile
config.status:1243: creating tests/general/Makefile
config.status:1243: creating tests/reports/Makefile
config.status:1243: creating tests/extensions/Makefile
config.status:1243: creating tests/namespaces/Makefile
config.status:1243: creating tests/keys/Makefile
config.status:1243: creating tests/numbers/Makefile
config.status:1243: creating tests/documents/Makefile
config.status:1243: creating tests/xmlspec/Makefile
config.status:1243: creating tests/multiple/Makefile
config.status:1243: creating tests/xinclude/Makefile
config.status:1243: creating tests/XSLTMark/Makefile
config.status:1243: creating tests/docbook/Makefile
config.status:1243: creating tests/exslt/Makefile
config.status:1243: creating tests/exslt/common/Makefile
config.status:1243: creating tests/exslt/functions/Makefile
config.status:1243: creating tests/exslt/math/Makefile
config.status:1243: creating tests/exslt/saxon/Makefile
config.status:1243: creating tests/exslt/sets/Makefile
config.status:1243: creating tests/exslt/strings/Makefile
config.status:1243: creating tests/exslt/date/Makefile
config.status:1243: creating tests/exslt/dynamic/Makefile
config.status:1243: creating tests/exslt/crypto/Makefile
config.status:1243: creating tests/plugins/Makefile
config.status:1243: creating doc/Makefile
config.status:1243: creating xslt-config
config.status:1243: creating libxslt.spec
config.status:1243: creating config.h
config.status:1457: executing depfiles commands
config.status:1457: executing libtool commands
configure:17307: WARNING: unrecognized options: --with-history

## ---------------- ##
## Cache variables. ##
## ---------------- ##

ac_cv_build=x86_64-pc-linux-gnu
ac_cv_c_compiler_gnu=yes
ac_cv_env_CC_set=set
ac_cv_env_CC_value=icc
ac_cv_env_CFLAGS_set=set
ac_cv_env_CFLAGS_value='-g -O2 -fdebug-prefix-map=/home/richard/debs/misc/libxslt/libxslt=. -fstack-protector-strong -Wformat -Werror=format-security -march=native -pipe'
ac_cv_env_CPPFLAGS_set=set
ac_cv_env_CPPFLAGS_value='-Wdate-time -D_FORTIFY_SOURCE=2'
ac_cv_env_CPP_set=
ac_cv_env_CPP_value=
ac_cv_env_LDFLAGS_set=set
ac_cv_env_LDFLAGS_value='-Wl,-z,relro -Wl,-z,now -Wl,--as-needed,--gc-sections,--stats -Wl,--as-needed'
ac_cv_env_LIBS_set=
ac_cv_env_LIBS_value=
ac_cv_env_LIBXML_CFLAGS_set=
ac_cv_env_LIBXML_CFLAGS_value=
ac_cv_env_LIBXML_LIBS_set=
ac_cv_env_LIBXML_LIBS_value=
ac_cv_env_LT_SYS_LIBRARY_PATH_set=
ac_cv_env_LT_SYS_LIBRARY_PATH_value=
ac_cv_env_PKG_CONFIG_LIBDIR_set=
ac_cv_env_PKG_CONFIG_LIBDIR_value=
ac_cv_env_PKG_CONFIG_PATH_set=
ac_cv_env_PKG_CONFIG_PATH_value=
ac_cv_env_PKG_CONFIG_set=
ac_cv_env_PKG_CONFIG_value=
ac_cv_env_build_alias_set=set
ac_cv_env_build_alias_value=x86_64-linux-gnu
ac_cv_env_host_alias_set=
ac_cv_env_host_alias_value=
ac_cv_env_target_alias_set=
ac_cv_env_target_alias_value=
ac_cv_func__stat=no
ac_cv_func_clock_gettime=yes
ac_cv_func_fabs=yes
ac_cv_func_floor=yes
ac_cv_func_fprintf=yes
ac_cv_func_ftime=yes
ac_cv_func_gettimeofday=yes
ac_cv_func_gmtime=yes
ac_cv_func_gmtime_r=yes
ac_cv_func_localtime=yes
ac_cv_func_localtime_r=yes
ac_cv_func_pow=yes
ac_cv_func_printf=yes
ac_cv_func_snprintf=yes
ac_cv_func_sprintf=yes
ac_cv_func_sscanf=yes
ac_cv_func_stat=yes
ac_cv_func_strxfrm_l=yes
ac_cv_func_time=yes
ac_cv_func_vfprintf=yes
ac_cv_func_vsnprintf=yes
ac_cv_func_vsprintf=yes
ac_cv_header_ansidecl_h=no
ac_cv_header_dlfcn_h=yes
ac_cv_header_errno_h=yes
ac_cv_header_float_h=yes
ac_cv_header_fp_class_h=no
ac_cv_header_ieeefp_h=no
ac_cv_header_inttypes_h=yes
ac_cv_header_locale_h=yes
ac_cv_header_math_h=yes
ac_cv_header_memory_h=yes
ac_cv_header_minix_config_h=no
ac_cv_header_nan_h=no
ac_cv_header_pthread_h=yes
ac_cv_header_stdarg_h=yes
ac_cv_header_stdc=yes
ac_cv_header_stdint_h=yes
ac_cv_header_stdlib_h=yes
ac_cv_header_string_h=yes
ac_cv_header_strings_h=yes
ac_cv_header_sys_select_h=yes
ac_cv_header_sys_stat_h=yes
ac_cv_header_sys_time_h=yes
ac_cv_header_sys_timeb_h=yes
ac_cv_header_sys_types_h=yes
ac_cv_header_time_h=yes
ac_cv_header_unistd_h=yes
ac_cv_header_xlocale_h=no
ac_cv_host=x86_64-pc-linux-gnu
ac_cv_lib_pthread_pthread_join=yes
ac_cv_objext=o
ac_cv_path_EGREP='/bin/grep -E'
ac_cv_path_FGREP='/bin/grep -F'
ac_cv_path_GREP=/bin/grep
ac_cv_path_SED=/bin/sed
ac_cv_path_XMLLINT=/usr/bin/xmllint
ac_cv_path_XSLTPROC=/usr/bin/xsltproc
ac_cv_path_ac_pt_LIBGCRYPT_CONFIG=/usr/bin/libgcrypt-config
ac_cv_path_ac_pt_PKG_CONFIG=/usr/bin/pkg-config
ac_cv_path_ac_pt_XML_CONFIG=/usr/bin/xml2-config
ac_cv_path_install='/usr/bin/install -c'
ac_cv_path_lt_DD=/bin/dd
ac_cv_path_mkdir=/bin/mkdir
ac_cv_prog_AWK=mawk
ac_cv_prog_CPP='icc -E'
ac_cv_prog_PERL=perl
ac_cv_prog_ac_ct_CC=icc
ac_cv_prog_ac_ct_MANIFEST_TOOL=mt
ac_cv_prog_ac_ct_OBJDUMP=objdump
ac_cv_prog_ac_ct_RANLIB=ranlib
ac_cv_prog_ac_ct_STRIP=strip
ac_cv_prog_cc_c89=
ac_cv_prog_cc_g=yes
ac_cv_prog_make_make_set=yes
ac_cv_safe_to_define___extensions__=yes
am_cv_CC_dependencies_compiler_type=none
am_cv_make_support_nested_variables=yes
am_cv_prog_cc_c_o=yes
lt_cv_ar_at_file=@
lt_cv_archive_cmds_need_lc=no
lt_cv_deplibs_check_method=pass_all
lt_cv_file_magic_cmd='$MAGIC_CMD'
lt_cv_file_magic_test_file=
lt_cv_ld_reload_flag=-r
lt_cv_nm_interface='BSD nm'
lt_cv_objdir=.libs
lt_cv_path_LD=xild
lt_cv_path_NM='/usr/bin/nm -B'
lt_cv_path_mainfest_tool=no
lt_cv_prog_compiler_c_o=yes
lt_cv_prog_compiler_pic='-fPIC -DPIC'
lt_cv_prog_compiler_pic_works=yes
lt_cv_prog_compiler_rtti_exceptions=yes
lt_cv_prog_compiler_static_works=no
lt_cv_prog_gnu_ld=yes
lt_cv_sharedlib_from_linklib_cmd='printf %s\n'
lt_cv_shlibpath_overrides_runpath=yes
lt_cv_sys_global_symbol_pipe='sed -n -e '\''s/^.*[	 ]\([ABCDGIRSTW][ABCDGIRSTW]*\)[	 ][	 ]*\([_A-Za-z][_A-Za-z0-9]*\)$/\1 \2 \2/p'\'' | sed '\''/ __gnu_lto/d'\'''
lt_cv_sys_global_symbol_to_c_name_address='sed -n -e '\''s/^: \(.*\) .*$/  {"\1", (void *) 0},/p'\'' -e '\''s/^[ABCDGIRSTW][ABCDGIRSTW]* .* \(.*\)$/  {"\1", (void *) \&\1},/p'\'''
lt_cv_sys_global_symbol_to_c_name_address_lib_prefix='sed -n -e '\''s/^: \(.*\) .*$/  {"\1", (void *) 0},/p'\'' -e '\''s/^[ABCDGIRSTW][ABCDGIRSTW]* .* \(lib.*\)$/  {"\1", (void *) \&\1},/p'\'' -e '\''s/^[ABCDGIRSTW][ABCDGIRSTW]* .* \(.*\)$/  {"lib\1", (void *) \&\1},/p'\'''
lt_cv_sys_global_symbol_to_cdecl='sed -n -e '\''s/^T .* \(.*\)$/extern int \1();/p'\'' -e '\''s/^[ABCDGIRSTW][ABCDGIRSTW]* .* \(.*\)$/extern char \1;/p'\'''
lt_cv_sys_global_symbol_to_import=
lt_cv_sys_max_cmd_len=1572864
lt_cv_to_host_file_cmd=func_convert_file_noop
lt_cv_to_tool_file_cmd=func_convert_file_noop
lt_cv_truncate_bin='/bin/dd bs=4096 count=1'
pkg_cv_LIBXML_CFLAGS=-I/usr/include/libxml2
pkg_cv_LIBXML_LIBS=-lxml2

## ----------------- ##
## Output variables. ##
## ----------------- ##

ACLOCAL='${SHELL} /home/richard/debs/misc/libxslt/libxslt/missing aclocal-1.16'
AMDEPBACKSLASH=''
AMDEP_FALSE=''
AMDEP_TRUE='#'
AMTAR='$${TAR-tar}'
AM_BACKSLASH='\'
AM_DEFAULT_V='$(AM_DEFAULT_VERBOSITY)'
AM_DEFAULT_VERBOSITY='1'
AM_V='$(V)'
AR='xiar'
AS='as'
AUTOCONF='${SHELL} /home/richard/debs/misc/libxslt/libxslt/missing autoconf'
AUTOHEADER='${SHELL} /home/richard/debs/misc/libxslt/libxslt/missing autoheader'
AUTOMAKE='${SHELL} /home/richard/debs/misc/libxslt/libxslt/missing automake-1.16'
AWK='mawk'
CC='icc'
CCDEPMODE='depmode=none'
CFLAGS='-g -O2 -fdebug-prefix-map=/home/richard/debs/misc/libxslt/libxslt=. -fstack-protector-strong -Wformat -Werror=format-security -march=native -pipe -Wall -Wformat=2 -Wmissing-format-attribute'
CPP='icc -E'
CPPFLAGS='-Wdate-time -D_FORTIFY_SOURCE=2'
CRYPTO_TESTDIR='crypto'
CYGPATH_W='echo'
DEFS='-DHAVE_CONFIG_H'
DEPDIR='.deps'
DLLTOOL='false'
DSYMUTIL=''
DUMPBIN=''
ECHO_C=''
ECHO_N='-n'
ECHO_T=''
EGREP='/bin/grep -E'
EXEEXT=''
EXSLT_INCLUDEDIR='-I${includedir}'
EXSLT_LIBDIR='-L${libdir}'
EXSLT_LIBS='-lexslt -lxslt -lxml2'
EXTRA_LIBS=''
FGREP='/bin/grep -F'
GREP='/bin/grep'
HTML_DIR='$(datadir)/doc/$(PACKAGE)-$(VERSION)/html'
INSTALL_DATA='${INSTALL} -m 644'
INSTALL_PROGRAM='${INSTALL}'
INSTALL_SCRIPT='${INSTALL}'
INSTALL_STRIP_PROGRAM='$(install_sh) -c -s'
LD='xild -m elf_x86_64'
LDFLAGS='-Wl,-z,relro -Wl,-z,now -Wl,--as-needed,--gc-sections,--stats -Wl,--as-needed'
LIBEXSLT_MAJOR_VERSION='0'
LIBEXSLT_MICRO_VERSION='20'
LIBEXSLT_MINOR_VERSION='8'
LIBEXSLT_VERSION='0.8.20'
LIBEXSLT_VERSION_EXTRA=''
LIBEXSLT_VERSION_INFO='8:20:8'
LIBEXSLT_VERSION_NUMBER='820'
LIBGCRYPT_CFLAGS=''
LIBGCRYPT_CONFIG='/usr/bin/libgcrypt-config'
LIBGCRYPT_LIBS='-lgcrypt'
LIBOBJS=''
LIBS=''
LIBTOOL='$(SHELL) $(top_builddir)/libtool'
LIBXML_CFLAGS='-I/usr/include/libxml2'
LIBXML_LIBS='-lxml2'
LIBXML_REQUIRED_VERSION='2.6.27'
LIBXML_SRC=''
LIBXSLT_DEFAULT_PLUGINS_PATH='/usr/lib/x86_64-linux-gnu/libxslt-plugins'
LIBXSLT_MAJOR_MINOR_VERSION='1.1'
LIBXSLT_MAJOR_VERSION='1'
LIBXSLT_MICRO_VERSION='32'
LIBXSLT_MINOR_VERSION='1'
LIBXSLT_VERSION='1.1.32'
LIBXSLT_VERSION_EXTRA=''
LIBXSLT_VERSION_INFO='2:32:1'
LIBXSLT_VERSION_NUMBER='10132'
LIPO=''
LN_S='ln -s'
LTLIBOBJS=''
LT_SYS_LIBRARY_PATH=''
MAINT='#'
MAINTAINER_MODE_FALSE=''
MAINTAINER_MODE_TRUE='#'
MAKEINFO='${SHELL} /home/richard/debs/misc/libxslt/libxslt/missing makeinfo'
MANIFEST_TOOL=':'
MKDIR_P='/bin/mkdir -p'
M_LIBS=''
NM='/usr/bin/nm -B'
NMEDIT=''
OBJDUMP='objdump'
OBJEXT='o'
OTOOL64=''
OTOOL=''
PACKAGE='libxslt'
PACKAGE_BUGREPORT=''
PACKAGE_NAME='libxslt'
PACKAGE_STRING='libxslt 1.1.32'
PACKAGE_TARNAME='libxslt'
PACKAGE_URL=''
PACKAGE_VERSION='1.1.32'
PATH_SEPARATOR=':'
PERL='perl'
PKG_CONFIG='/usr/bin/pkg-config'
PKG_CONFIG_LIBDIR=''
PKG_CONFIG_PATH=''
PYTHON='/usr/bin/python2.7'
PYTHONSODV=''
PYTHON_INCLUDES='/usr/include/python2.7'
PYTHON_LIBS='-lpython2.7 -lpthread -ldl  -lutil -lm '
PYTHON_SITE_PACKAGES='/usr/lib/python2.7/dist-packages'
PYTHON_SUBDIR='python'
PYTHON_VERSION='2.7'
RANLIB='ranlib'
RELDATE='Mon Dec  3 2018'
SED='/bin/sed'
SET_MAKE=''
SHELL='/bin/bash'
STRIP='strip'
THREAD_LIBS='-lpthread'
USE_VERSION_SCRIPT_FALSE='#'
USE_VERSION_SCRIPT_TRUE=''
VERSION='1.1.32'
VERSION_SCRIPT_FLAGS='-Wl,--version-script='
WIN32_EXTRA_LDFLAGS=''
WIN32_EXTRA_LIBADD=''
WITH_CRYPTO='1'
WITH_DEBUGGER='1'
WITH_DEBUGGER_FALSE='#'
WITH_DEBUGGER_TRUE=''
WITH_MEM_DEBUG='0'
WITH_MODULES='1'
WITH_MODULES_FALSE='#'
WITH_MODULES_TRUE=''
WITH_PERL_FALSE='#'
WITH_PERL_TRUE=''
WITH_PYTHON_FALSE='#'
WITH_PYTHON_TRUE=''
WITH_TRIO='0'
WITH_XSLT_DEBUG='1'
XMLLINT='/usr/bin/xmllint'
XML_CONFIG='/usr/bin/xml2-config'
XSLTPROC='/usr/bin/xsltproc'
XSLTPROCDV=''
XSLT_INCLUDEDIR='-I${includedir}'
XSLT_LIBDIR='-L${libdir}'
XSLT_LIBS='-lxslt -lxml2'
ac_ct_AR=''
ac_ct_CC='icc'
ac_ct_DUMPBIN=''
am__EXEEXT_FALSE=''
am__EXEEXT_TRUE='#'
am__fastdepCC_FALSE=''
am__fastdepCC_TRUE='#'
am__include='include'
am__isrc=' -I$(srcdir)'
am__leading_dot='.'
am__nodep=''
am__quote=''
am__tar='$${TAR-tar} chof - "$$tardir"'
am__untar='$${TAR-tar} xf -'
bindir='${exec_prefix}/bin'
build='x86_64-pc-linux-gnu'
build_alias='x86_64-linux-gnu'
build_cpu='x86_64'
build_os='linux-gnu'
build_vendor='pc'
datadir='${datarootdir}'
datarootdir='${prefix}/share'
docdir='${datarootdir}/doc/${PACKAGE_TARNAME}'
dvidir='${docdir}'
exec_prefix='${prefix}'
host='x86_64-pc-linux-gnu'
host_alias=''
host_cpu='x86_64'
host_os='linux-gnu'
host_vendor='pc'
htmldir='${docdir}'
includedir='${prefix}/include'
infodir='${prefix}/share/info'
install_sh='${SHELL} /home/richard/debs/misc/libxslt/libxslt/install-sh'
libdir='${prefix}/lib/x86_64-linux-gnu'
libexecdir='${prefix}/lib/x86_64-linux-gnu'
localedir='${datarootdir}/locale'
localstatedir='/var'
mandir='${prefix}/share/man'
mkdir_p='$(MKDIR_P)'
oldincludedir='/usr/include'
pdfdir='${docdir}'
prefix='/usr'
program_transform_name='s,x,x,'
psdir='${docdir}'
pythondir='$(PYTHON_SITE_PACKAGES)'
runstatedir='/run'
sbindir='${exec_prefix}/sbin'
sharedstatedir='${prefix}/com'
sysconfdir='/etc'
target_alias=''

## ----------- ##
## confdefs.h. ##
## ----------- ##

/* confdefs.h */
#define PACKAGE_NAME "libxslt"
#define PACKAGE_TARNAME "libxslt"
#define PACKAGE_VERSION "1.1.32"
#define PACKAGE_STRING "libxslt 1.1.32"
#define PACKAGE_BUGREPORT ""
#define PACKAGE_URL ""
#define STDC_HEADERS 1
#define HAVE_SYS_TYPES_H 1
#define HAVE_SYS_STAT_H 1
#define HAVE_STDLIB_H 1
#define HAVE_STRING_H 1
#define HAVE_MEMORY_H 1
#define HAVE_STRINGS_H 1
#define HAVE_INTTYPES_H 1
#define HAVE_STDINT_H 1
#define HAVE_UNISTD_H 1
#define __EXTENSIONS__ 1
#define _ALL_SOURCE 1
#define _GNU_SOURCE 1
#define _POSIX_PTHREAD_SEMANTICS 1
#define _TANDEM_SOURCE 1
#define PACKAGE "libxslt"
#define VERSION "1.1.32"
#define STDC_HEADERS 1
#define HAVE_DLFCN_H 1
#define LT_OBJDIR ".libs/"
#define HAVE_SYS_TYPES_H 1
#define HAVE_SYS_TIME_H 1
#define HAVE_STDLIB_H 1
#define HAVE_UNISTD_H 1
#define HAVE_STRING_H 1
#define HAVE_LIBPTHREAD /**/
#define HAVE_PTHREAD_H /**/
#define HAVE_LOCALE_H 1
#define HAVE_STRXFRM_L 1
#define HAVE_MATH_H 1
#define HAVE_FLOAT_H 1
#define HAVE_SYS_TIMEB_H 1
#define HAVE_TIME_H 1
#define HAVE_SYS_STAT_H 1
#define HAVE_SYS_SELECT_H 1
#define HAVE_STDARG_H 1
#define HAVE_ERRNO_H 1
#define HAVE_STAT 1
#define HAVE_GETTIMEOFDAY 1
#define HAVE_LOCALTIME 1
#define HAVE_LOCALTIME_R 1
#define HAVE_TIME 1
#define HAVE_GMTIME 1
#define HAVE_GMTIME_R 1
#define HAVE_FTIME 1
#define HAVE_PRINTF 1
#define HAVE_SPRINTF 1
#define HAVE_FPRINTF 1
#define HAVE_SNPRINTF 1
#define HAVE_VFPRINTF 1
#define HAVE_VSPRINTF 1
#define HAVE_VSNPRINTF 1
#define HAVE_SSCANF 1
#define HAVE_CLOCK_GETTIME 1
#define HAVE_GCRYPT 1
#define WITH_DEBUGGER /**/

configure: exit 0
